2025-07-28 15:29:31 INFO  o.h.validator.internal.util.Version - HV000001: Hibernate Validator 8.0.2.Final
2025-07-28 15:29:31 INFO  com.company.RedisTest - Starting RedisTest using Java 21.0.7 with PID 14000 (started by user in C:\Users\user\Documents\Workspace\java-projects\turing-academy\spring-boot-demo)
2025-07-28 15:29:31 INFO  com.company.RedisTest - No active profile set, falling back to 1 default profile: "default"
2025-07-28 15:29:34 INFO  o.s.d.r.c.RepositoryConfigurationDelegate - Multiple Spring Data modules found, entering strict repository configuration mode
2025-07-28 15:29:34 INFO  o.s.d.r.c.RepositoryConfigurationDelegate - Bootstrapping Spring Data JPA repositories in DEFAULT mode.
2025-07-28 15:29:35 INFO  o.s.d.r.c.RepositoryConfigurationDelegate - Finished Spring Data repository scanning in 666 ms. Found 1 JPA repository interface.
2025-07-28 15:29:35 INFO  o.s.d.r.c.RepositoryConfigurationDelegate - Multiple Spring Data modules found, entering strict repository configuration mode
2025-07-28 15:29:35 INFO  o.s.d.r.c.RepositoryConfigurationDelegate - Bootstrapping Spring Data Redis repositories in DEFAULT mode.
2025-07-28 15:29:35 INFO  o.s.d.r.c.RepositoryConfigurationExtensionSupport - Spring Data Redis - Could not safely identify store assignment for repository candidate interface com.company.repository.UserRepository; If you want this repository to be a Redis repository, consider annotating your entities with one of these annotations: org.springframework.data.redis.core.RedisHash (preferred), or consider extending one of the following types with your repository: org.springframework.data.keyvalue.repository.KeyValueRepository
2025-07-28 15:29:35 INFO  o.s.d.r.c.RepositoryConfigurationDelegate - Finished Spring Data repository scanning in 32 ms. Found 0 Redis repository interfaces.
2025-07-28 15:29:39 INFO  com.zaxxer.hikari.HikariDataSource - HikariPool-1 - Starting...
2025-07-28 15:29:40 INFO  com.zaxxer.hikari.pool.HikariPool - HikariPool-1 - Added connection org.postgresql.jdbc.PgConnection@1488a861
2025-07-28 15:29:40 INFO  com.zaxxer.hikari.HikariDataSource - HikariPool-1 - Start completed.
2025-07-28 15:29:41 INFO  liquibase.database - Set default schema name to public
2025-07-28 15:29:42 INFO  liquibase.changelog - Reading from public.databasechangelog
2025-07-28 15:29:42 INFO  liquibase.ui - Database is up to date, no changesets to execute
2025-07-28 15:29:42 INFO  liquibase.changelog - Reading from public.databasechangelog
2025-07-28 15:29:42 INFO  liquibase.util - UPDATE SUMMARY
2025-07-28 15:29:42 INFO  liquibase.util - Run:                          0
2025-07-28 15:29:42 INFO  liquibase.util - Previously run:               4
2025-07-28 15:29:42 INFO  liquibase.util - Filtered out:                 0
2025-07-28 15:29:42 INFO  liquibase.util - -------------------------------
2025-07-28 15:29:42 INFO  liquibase.util - Total change sets:            4
2025-07-28 15:29:42 INFO  liquibase.util - Update summary generated
2025-07-28 15:29:42 INFO  liquibase.command - Command execution complete
2025-07-28 15:29:45 INFO  o.h.jpa.internal.util.LogHelper - HHH000204: Processing PersistenceUnitInfo [name: default]
2025-07-28 15:29:45 INFO  org.hibernate.Version - HHH000412: Hibernate ORM core version 6.6.18.Final
2025-07-28 15:29:45 INFO  o.h.c.i.RegionFactoryInitiator - HHH000026: Second-level cache disabled
2025-07-28 15:29:46 INFO  o.s.o.j.p.SpringPersistenceUnitInfo - No LoadTimeWeaver setup: ignoring JPA class transformer
2025-07-28 15:29:46 INFO  o.hibernate.orm.connections.pooling - HHH10001005: Database info:
	Database JDBC URL [Connecting through datasource 'HikariDataSource (HikariPool-1)']
	Database driver: undefined/unknown
	Database version: 17.4
	Autocommit mode: undefined/unknown
	Isolation level: undefined/unknown
	Minimum pool size: undefined/unknown
	Maximum pool size: undefined/unknown
2025-07-28 15:29:48 INFO  o.h.e.t.j.p.i.JtaPlatformInitiator - HHH000489: No JTA platform available (set 'hibernate.transaction.jta.platform' to enable JTA platform integration)
2025-07-28 15:29:48 INFO  o.s.o.j.LocalContainerEntityManagerFactoryBean - Initialized JPA EntityManagerFactory for persistence unit 'default'
2025-07-28 15:29:50 WARN  o.s.b.a.o.j.JpaBaseConfiguration$JpaWebConfiguration - spring.jpa.open-in-view is enabled by default. Therefore, database queries may be performed during view rendering. Explicitly configure spring.jpa.open-in-view to disable this warning
2025-07-28 15:29:53 INFO  com.company.RedisTest - Started RedisTest in 22.646 seconds (process running for 26.695)
2025-07-28 15:29:55 INFO  o.s.o.j.LocalContainerEntityManagerFactoryBean - Closing JPA EntityManagerFactory for persistence unit 'default'
2025-07-28 15:29:55 INFO  com.zaxxer.hikari.HikariDataSource - HikariPool-1 - Shutdown initiated...
2025-07-28 15:29:55 INFO  com.zaxxer.hikari.HikariDataSource - HikariPool-1 - Shutdown completed.
2025-07-28 15:33:40 INFO  o.h.validator.internal.util.Version - HV000001: Hibernate Validator 8.0.2.Final
2025-07-28 15:33:40 INFO  com.company.RedisTest - Starting RedisTest using Java 21.0.7 with PID 14532 (started by user in C:\Users\user\Documents\Workspace\java-projects\turing-academy\spring-boot-demo)
2025-07-28 15:33:40 INFO  com.company.RedisTest - No active profile set, falling back to 1 default profile: "default"
2025-07-28 15:33:42 INFO  o.s.d.r.c.RepositoryConfigurationDelegate - Multiple Spring Data modules found, entering strict repository configuration mode
2025-07-28 15:33:42 INFO  o.s.d.r.c.RepositoryConfigurationDelegate - Bootstrapping Spring Data JPA repositories in DEFAULT mode.
2025-07-28 15:33:42 INFO  o.s.d.r.c.RepositoryConfigurationDelegate - Finished Spring Data repository scanning in 385 ms. Found 1 JPA repository interface.
2025-07-28 15:33:42 INFO  o.s.d.r.c.RepositoryConfigurationDelegate - Multiple Spring Data modules found, entering strict repository configuration mode
2025-07-28 15:33:42 INFO  o.s.d.r.c.RepositoryConfigurationDelegate - Bootstrapping Spring Data Redis repositories in DEFAULT mode.
2025-07-28 15:33:42 INFO  o.s.d.r.c.RepositoryConfigurationExtensionSupport - Spring Data Redis - Could not safely identify store assignment for repository candidate interface com.company.repository.UserRepository; If you want this repository to be a Redis repository, consider annotating your entities with one of these annotations: org.springframework.data.redis.core.RedisHash (preferred), or consider extending one of the following types with your repository: org.springframework.data.keyvalue.repository.KeyValueRepository
2025-07-28 15:33:42 INFO  o.s.d.r.c.RepositoryConfigurationDelegate - Finished Spring Data repository scanning in 16 ms. Found 0 Redis repository interfaces.
2025-07-28 15:33:45 INFO  com.zaxxer.hikari.HikariDataSource - HikariPool-1 - Starting...
2025-07-28 15:33:45 INFO  com.zaxxer.hikari.pool.HikariPool - HikariPool-1 - Added connection org.postgresql.jdbc.PgConnection@1ad1be5d
2025-07-28 15:33:45 INFO  com.zaxxer.hikari.HikariDataSource - HikariPool-1 - Start completed.
2025-07-28 15:33:46 INFO  liquibase.database - Set default schema name to public
2025-07-28 15:33:47 INFO  liquibase.changelog - Reading from public.databasechangelog
2025-07-28 15:33:48 INFO  liquibase.ui - Database is up to date, no changesets to execute
2025-07-28 15:33:48 INFO  liquibase.changelog - Reading from public.databasechangelog
2025-07-28 15:33:48 INFO  liquibase.util - UPDATE SUMMARY
2025-07-28 15:33:48 INFO  liquibase.util - Run:                          0
2025-07-28 15:33:48 INFO  liquibase.util - Previously run:               4
2025-07-28 15:33:48 INFO  liquibase.util - Filtered out:                 0
2025-07-28 15:33:48 INFO  liquibase.util - -------------------------------
2025-07-28 15:33:48 INFO  liquibase.util - Total change sets:            4
2025-07-28 15:33:48 INFO  liquibase.util - Update summary generated
2025-07-28 15:33:48 INFO  liquibase.command - Command execution complete
2025-07-28 15:33:50 INFO  o.h.jpa.internal.util.LogHelper - HHH000204: Processing PersistenceUnitInfo [name: default]
2025-07-28 15:33:50 INFO  org.hibernate.Version - HHH000412: Hibernate ORM core version 6.6.18.Final
2025-07-28 15:33:50 INFO  o.h.c.i.RegionFactoryInitiator - HHH000026: Second-level cache disabled
2025-07-28 15:33:51 INFO  o.s.o.j.p.SpringPersistenceUnitInfo - No LoadTimeWeaver setup: ignoring JPA class transformer
2025-07-28 15:33:51 INFO  o.hibernate.orm.connections.pooling - HHH10001005: Database info:
	Database JDBC URL [Connecting through datasource 'HikariDataSource (HikariPool-1)']
	Database driver: undefined/unknown
	Database version: 17.4
	Autocommit mode: undefined/unknown
	Isolation level: undefined/unknown
	Minimum pool size: undefined/unknown
	Maximum pool size: undefined/unknown
2025-07-28 15:33:53 INFO  o.h.e.t.j.p.i.JtaPlatformInitiator - HHH000489: No JTA platform available (set 'hibernate.transaction.jta.platform' to enable JTA platform integration)
2025-07-28 15:33:53 INFO  o.s.o.j.LocalContainerEntityManagerFactoryBean - Initialized JPA EntityManagerFactory for persistence unit 'default'
2025-07-28 15:33:55 WARN  o.s.b.a.o.j.JpaBaseConfiguration$JpaWebConfiguration - spring.jpa.open-in-view is enabled by default. Therefore, database queries may be performed during view rendering. Explicitly configure spring.jpa.open-in-view to disable this warning
2025-07-28 15:33:57 INFO  com.company.RedisTest - Started RedisTest in 17.623 seconds (process running for 20.173)
2025-07-28 15:33:58 INFO  o.s.o.j.LocalContainerEntityManagerFactoryBean - Closing JPA EntityManagerFactory for persistence unit 'default'
2025-07-28 15:33:58 INFO  com.zaxxer.hikari.HikariDataSource - HikariPool-1 - Shutdown initiated...
2025-07-28 15:33:58 INFO  com.zaxxer.hikari.HikariDataSource - HikariPool-1 - Shutdown completed.
2025-07-28 15:39:53 INFO  o.h.validator.internal.util.Version - HV000001: Hibernate Validator 8.0.2.Final
2025-07-28 15:39:54 INFO  com.company.RedisTest - Starting RedisTest using Java 21.0.7 with PID 6688 (started by user in C:\Users\user\Documents\Workspace\java-projects\turing-academy\spring-boot-demo)
2025-07-28 15:39:54 INFO  com.company.RedisTest - No active profile set, falling back to 1 default profile: "default"
2025-07-28 15:39:55 INFO  o.s.d.r.c.RepositoryConfigurationDelegate - Multiple Spring Data modules found, entering strict repository configuration mode
2025-07-28 15:39:55 INFO  o.s.d.r.c.RepositoryConfigurationDelegate - Bootstrapping Spring Data JPA repositories in DEFAULT mode.
2025-07-28 15:39:56 INFO  o.s.d.r.c.RepositoryConfigurationDelegate - Finished Spring Data repository scanning in 513 ms. Found 1 JPA repository interface.
2025-07-28 15:39:56 INFO  o.s.d.r.c.RepositoryConfigurationDelegate - Multiple Spring Data modules found, entering strict repository configuration mode
2025-07-28 15:39:56 INFO  o.s.d.r.c.RepositoryConfigurationDelegate - Bootstrapping Spring Data Redis repositories in DEFAULT mode.
2025-07-28 15:39:56 INFO  o.s.d.r.c.RepositoryConfigurationExtensionSupport - Spring Data Redis - Could not safely identify store assignment for repository candidate interface com.company.repository.UserRepository; If you want this repository to be a Redis repository, consider annotating your entities with one of these annotations: org.springframework.data.redis.core.RedisHash (preferred), or consider extending one of the following types with your repository: org.springframework.data.keyvalue.repository.KeyValueRepository
2025-07-28 15:39:56 INFO  o.s.d.r.c.RepositoryConfigurationDelegate - Finished Spring Data repository scanning in 16 ms. Found 0 Redis repository interfaces.
2025-07-28 15:39:58 INFO  com.zaxxer.hikari.HikariDataSource - HikariPool-1 - Starting...
2025-07-28 15:39:59 INFO  com.zaxxer.hikari.pool.HikariPool - HikariPool-1 - Added connection org.postgresql.jdbc.PgConnection@154864f8
2025-07-28 15:39:59 INFO  com.zaxxer.hikari.HikariDataSource - HikariPool-1 - Start completed.
2025-07-28 15:39:59 INFO  liquibase.database - Set default schema name to public
2025-07-28 15:40:00 INFO  liquibase.changelog - Reading from public.databasechangelog
2025-07-28 15:40:00 INFO  liquibase.ui - Database is up to date, no changesets to execute
2025-07-28 15:40:00 INFO  liquibase.changelog - Reading from public.databasechangelog
2025-07-28 15:40:00 INFO  liquibase.util - UPDATE SUMMARY
2025-07-28 15:40:00 INFO  liquibase.util - Run:                          0
2025-07-28 15:40:00 INFO  liquibase.util - Previously run:               4
2025-07-28 15:40:00 INFO  liquibase.util - Filtered out:                 0
2025-07-28 15:40:00 INFO  liquibase.util - -------------------------------
2025-07-28 15:40:00 INFO  liquibase.util - Total change sets:            4
2025-07-28 15:40:00 INFO  liquibase.util - Update summary generated
2025-07-28 15:40:00 INFO  liquibase.command - Command execution complete
2025-07-28 15:40:03 INFO  o.h.jpa.internal.util.LogHelper - HHH000204: Processing PersistenceUnitInfo [name: default]
2025-07-28 15:40:04 INFO  org.hibernate.Version - HHH000412: Hibernate ORM core version 6.6.18.Final
2025-07-28 15:40:04 INFO  o.h.c.i.RegionFactoryInitiator - HHH000026: Second-level cache disabled
2025-07-28 15:40:04 INFO  o.s.o.j.p.SpringPersistenceUnitInfo - No LoadTimeWeaver setup: ignoring JPA class transformer
2025-07-28 15:40:05 INFO  o.hibernate.orm.connections.pooling - HHH10001005: Database info:
	Database JDBC URL [Connecting through datasource 'HikariDataSource (HikariPool-1)']
	Database driver: undefined/unknown
	Database version: 17.4
	Autocommit mode: undefined/unknown
	Isolation level: undefined/unknown
	Minimum pool size: undefined/unknown
	Maximum pool size: undefined/unknown
2025-07-28 15:40:06 INFO  o.h.e.t.j.p.i.JtaPlatformInitiator - HHH000489: No JTA platform available (set 'hibernate.transaction.jta.platform' to enable JTA platform integration)
2025-07-28 15:40:07 INFO  o.s.o.j.LocalContainerEntityManagerFactoryBean - Initialized JPA EntityManagerFactory for persistence unit 'default'
2025-07-28 15:40:08 WARN  o.s.b.a.o.j.JpaBaseConfiguration$JpaWebConfiguration - spring.jpa.open-in-view is enabled by default. Therefore, database queries may be performed during view rendering. Explicitly configure spring.jpa.open-in-view to disable this warning
2025-07-28 15:40:09 INFO  com.company.RedisTest - Started RedisTest in 16.816 seconds (process running for 20.079)
2025-07-28 15:40:11 INFO  o.s.o.j.LocalContainerEntityManagerFactoryBean - Closing JPA EntityManagerFactory for persistence unit 'default'
2025-07-28 15:40:11 INFO  com.zaxxer.hikari.HikariDataSource - HikariPool-1 - Shutdown initiated...
2025-07-28 15:40:11 INFO  com.zaxxer.hikari.HikariDataSource - HikariPool-1 - Shutdown completed.
2025-07-28 15:42:30 INFO  o.h.validator.internal.util.Version - HV000001: Hibernate Validator 8.0.2.Final
2025-07-28 15:42:30 INFO  com.company.RedisTest - Starting RedisTest using Java 21.0.7 with PID 14828 (started by user in C:\Users\user\Documents\Workspace\java-projects\turing-academy\spring-boot-demo)
2025-07-28 15:42:30 INFO  com.company.RedisTest - No active profile set, falling back to 1 default profile: "default"
2025-07-28 15:42:32 INFO  o.s.d.r.c.RepositoryConfigurationDelegate - Multiple Spring Data modules found, entering strict repository configuration mode
2025-07-28 15:42:32 INFO  o.s.d.r.c.RepositoryConfigurationDelegate - Bootstrapping Spring Data JPA repositories in DEFAULT mode.
2025-07-28 15:42:32 INFO  o.s.d.r.c.RepositoryConfigurationDelegate - Finished Spring Data repository scanning in 324 ms. Found 1 JPA repository interface.
2025-07-28 15:42:32 INFO  o.s.d.r.c.RepositoryConfigurationDelegate - Multiple Spring Data modules found, entering strict repository configuration mode
2025-07-28 15:42:32 INFO  o.s.d.r.c.RepositoryConfigurationDelegate - Bootstrapping Spring Data Redis repositories in DEFAULT mode.
2025-07-28 15:42:32 INFO  o.s.d.r.c.RepositoryConfigurationExtensionSupport - Spring Data Redis - Could not safely identify store assignment for repository candidate interface com.company.repository.UserRepository; If you want this repository to be a Redis repository, consider annotating your entities with one of these annotations: org.springframework.data.redis.core.RedisHash (preferred), or consider extending one of the following types with your repository: org.springframework.data.keyvalue.repository.KeyValueRepository
2025-07-28 15:42:32 INFO  o.s.d.r.c.RepositoryConfigurationDelegate - Finished Spring Data repository scanning in 16 ms. Found 0 Redis repository interfaces.
2025-07-28 15:42:35 INFO  com.zaxxer.hikari.HikariDataSource - HikariPool-1 - Starting...
2025-07-28 15:42:35 INFO  com.zaxxer.hikari.pool.HikariPool - HikariPool-1 - Added connection org.postgresql.jdbc.PgConnection@12670e55
2025-07-28 15:42:35 INFO  com.zaxxer.hikari.HikariDataSource - HikariPool-1 - Start completed.
2025-07-28 15:42:36 INFO  liquibase.database - Set default schema name to public
2025-07-28 15:42:37 INFO  liquibase.changelog - Reading from public.databasechangelog
2025-07-28 15:42:37 INFO  liquibase.ui - Database is up to date, no changesets to execute
2025-07-28 15:42:37 INFO  liquibase.changelog - Reading from public.databasechangelog
2025-07-28 15:42:37 INFO  liquibase.util - UPDATE SUMMARY
2025-07-28 15:42:37 INFO  liquibase.util - Run:                          0
2025-07-28 15:42:37 INFO  liquibase.util - Previously run:               4
2025-07-28 15:42:37 INFO  liquibase.util - Filtered out:                 0
2025-07-28 15:42:37 INFO  liquibase.util - -------------------------------
2025-07-28 15:42:37 INFO  liquibase.util - Total change sets:            4
2025-07-28 15:42:37 INFO  liquibase.util - Update summary generated
2025-07-28 15:42:37 INFO  liquibase.command - Command execution complete
2025-07-28 15:42:40 INFO  o.h.jpa.internal.util.LogHelper - HHH000204: Processing PersistenceUnitInfo [name: default]
2025-07-28 15:42:40 INFO  org.hibernate.Version - HHH000412: Hibernate ORM core version 6.6.18.Final
2025-07-28 15:42:40 INFO  o.h.c.i.RegionFactoryInitiator - HHH000026: Second-level cache disabled
2025-07-28 15:42:41 INFO  o.s.o.j.p.SpringPersistenceUnitInfo - No LoadTimeWeaver setup: ignoring JPA class transformer
2025-07-28 15:42:41 INFO  o.hibernate.orm.connections.pooling - HHH10001005: Database info:
	Database JDBC URL [Connecting through datasource 'HikariDataSource (HikariPool-1)']
	Database driver: undefined/unknown
	Database version: 17.4
	Autocommit mode: undefined/unknown
	Isolation level: undefined/unknown
	Minimum pool size: undefined/unknown
	Maximum pool size: undefined/unknown
2025-07-28 15:42:43 INFO  o.h.e.t.j.p.i.JtaPlatformInitiator - HHH000489: No JTA platform available (set 'hibernate.transaction.jta.platform' to enable JTA platform integration)
2025-07-28 15:42:43 INFO  o.s.o.j.LocalContainerEntityManagerFactoryBean - Initialized JPA EntityManagerFactory for persistence unit 'default'
2025-07-28 15:42:45 WARN  o.s.b.a.o.j.JpaBaseConfiguration$JpaWebConfiguration - spring.jpa.open-in-view is enabled by default. Therefore, database queries may be performed during view rendering. Explicitly configure spring.jpa.open-in-view to disable this warning
2025-07-28 15:42:46 INFO  com.company.RedisTest - Started RedisTest in 17.274 seconds (process running for 21.256)
2025-07-28 15:42:50 INFO  o.s.o.j.LocalContainerEntityManagerFactoryBean - Closing JPA EntityManagerFactory for persistence unit 'default'
2025-07-28 15:42:50 INFO  com.zaxxer.hikari.HikariDataSource - HikariPool-1 - Shutdown initiated...
2025-07-28 15:42:50 INFO  com.zaxxer.hikari.HikariDataSource - HikariPool-1 - Shutdown completed.
2025-07-28 15:43:12 INFO  o.h.validator.internal.util.Version - HV000001: Hibernate Validator 8.0.2.Final
2025-07-28 15:43:12 INFO  com.company.RedisTest - Starting RedisTest using Java 21.0.7 with PID 15524 (started by user in C:\Users\user\Documents\Workspace\java-projects\turing-academy\spring-boot-demo)
2025-07-28 15:43:12 INFO  com.company.RedisTest - No active profile set, falling back to 1 default profile: "default"
2025-07-28 15:43:14 INFO  o.s.d.r.c.RepositoryConfigurationDelegate - Multiple Spring Data modules found, entering strict repository configuration mode
2025-07-28 15:43:14 INFO  o.s.d.r.c.RepositoryConfigurationDelegate - Bootstrapping Spring Data JPA repositories in DEFAULT mode.
2025-07-28 15:43:14 INFO  o.s.d.r.c.RepositoryConfigurationDelegate - Finished Spring Data repository scanning in 305 ms. Found 1 JPA repository interface.
2025-07-28 15:43:14 INFO  o.s.d.r.c.RepositoryConfigurationDelegate - Multiple Spring Data modules found, entering strict repository configuration mode
2025-07-28 15:43:14 INFO  o.s.d.r.c.RepositoryConfigurationDelegate - Bootstrapping Spring Data Redis repositories in DEFAULT mode.
2025-07-28 15:43:14 INFO  o.s.d.r.c.RepositoryConfigurationExtensionSupport - Spring Data Redis - Could not safely identify store assignment for repository candidate interface com.company.repository.UserRepository; If you want this repository to be a Redis repository, consider annotating your entities with one of these annotations: org.springframework.data.redis.core.RedisHash (preferred), or consider extending one of the following types with your repository: org.springframework.data.keyvalue.repository.KeyValueRepository
2025-07-28 15:43:14 INFO  o.s.d.r.c.RepositoryConfigurationDelegate - Finished Spring Data repository scanning in 19 ms. Found 0 Redis repository interfaces.
2025-07-28 15:43:15 INFO  com.zaxxer.hikari.HikariDataSource - HikariPool-1 - Starting...
2025-07-28 15:43:16 INFO  com.zaxxer.hikari.pool.HikariPool - HikariPool-1 - Added connection org.postgresql.jdbc.PgConnection@47797401
2025-07-28 15:43:16 INFO  com.zaxxer.hikari.HikariDataSource - HikariPool-1 - Start completed.
2025-07-28 15:43:17 INFO  liquibase.database - Set default schema name to public
2025-07-28 15:43:18 INFO  liquibase.changelog - Reading from public.databasechangelog
2025-07-28 15:43:18 INFO  liquibase.ui - Database is up to date, no changesets to execute
2025-07-28 15:43:18 INFO  liquibase.changelog - Reading from public.databasechangelog
2025-07-28 15:43:18 INFO  liquibase.util - UPDATE SUMMARY
2025-07-28 15:43:18 INFO  liquibase.util - Run:                          0
2025-07-28 15:43:18 INFO  liquibase.util - Previously run:               4
2025-07-28 15:43:18 INFO  liquibase.util - Filtered out:                 0
2025-07-28 15:43:18 INFO  liquibase.util - -------------------------------
2025-07-28 15:43:18 INFO  liquibase.util - Total change sets:            4
2025-07-28 15:43:18 INFO  liquibase.util - Update summary generated
2025-07-28 15:43:18 INFO  liquibase.command - Command execution complete
2025-07-28 15:43:20 INFO  o.h.jpa.internal.util.LogHelper - HHH000204: Processing PersistenceUnitInfo [name: default]
2025-07-28 15:43:20 INFO  org.hibernate.Version - HHH000412: Hibernate ORM core version 6.6.18.Final
2025-07-28 15:43:20 INFO  o.h.c.i.RegionFactoryInitiator - HHH000026: Second-level cache disabled
2025-07-28 15:43:20 INFO  o.s.o.j.p.SpringPersistenceUnitInfo - No LoadTimeWeaver setup: ignoring JPA class transformer
2025-07-28 15:43:21 INFO  o.hibernate.orm.connections.pooling - HHH10001005: Database info:
	Database JDBC URL [Connecting through datasource 'HikariDataSource (HikariPool-1)']
	Database driver: undefined/unknown
	Database version: 17.4
	Autocommit mode: undefined/unknown
	Isolation level: undefined/unknown
	Minimum pool size: undefined/unknown
	Maximum pool size: undefined/unknown
2025-07-28 15:43:22 INFO  o.h.e.t.j.p.i.JtaPlatformInitiator - HHH000489: No JTA platform available (set 'hibernate.transaction.jta.platform' to enable JTA platform integration)
2025-07-28 15:43:22 INFO  o.s.o.j.LocalContainerEntityManagerFactoryBean - Initialized JPA EntityManagerFactory for persistence unit 'default'
2025-07-28 15:43:24 WARN  o.s.b.a.o.j.JpaBaseConfiguration$JpaWebConfiguration - spring.jpa.open-in-view is enabled by default. Therefore, database queries may be performed during view rendering. Explicitly configure spring.jpa.open-in-view to disable this warning
2025-07-28 15:43:25 INFO  com.company.RedisTest - Started RedisTest in 14.434 seconds (process running for 17.088)
2025-07-28 15:43:28 INFO  o.s.o.j.LocalContainerEntityManagerFactoryBean - Closing JPA EntityManagerFactory for persistence unit 'default'
2025-07-28 15:43:28 INFO  com.zaxxer.hikari.HikariDataSource - HikariPool-1 - Shutdown initiated...
2025-07-28 15:43:28 INFO  com.zaxxer.hikari.HikariDataSource - HikariPool-1 - Shutdown completed.
2025-07-28 18:03:16 INFO  o.h.validator.internal.util.Version - HV000001: Hibernate Validator 8.0.2.Final
2025-07-28 18:03:17 INFO  com.company.RedisTest - Starting RedisTest using Java 21.0.7 with PID 15264 (started by user in C:\Users\user\Documents\Workspace\java-projects\turing-academy\spring-boot-demo)
2025-07-28 18:03:17 INFO  com.company.RedisTest - No active profile set, falling back to 1 default profile: "default"
2025-07-28 18:03:19 INFO  o.s.d.r.c.RepositoryConfigurationDelegate - Multiple Spring Data modules found, entering strict repository configuration mode
2025-07-28 18:03:19 INFO  o.s.d.r.c.RepositoryConfigurationDelegate - Bootstrapping Spring Data JPA repositories in DEFAULT mode.
2025-07-28 18:03:19 INFO  o.s.d.r.c.RepositoryConfigurationDelegate - Finished Spring Data repository scanning in 315 ms. Found 1 JPA repository interface.
2025-07-28 18:03:19 INFO  o.s.d.r.c.RepositoryConfigurationDelegate - Multiple Spring Data modules found, entering strict repository configuration mode
2025-07-28 18:03:19 INFO  o.s.d.r.c.RepositoryConfigurationDelegate - Bootstrapping Spring Data Redis repositories in DEFAULT mode.
2025-07-28 18:03:19 INFO  o.s.d.r.c.RepositoryConfigurationExtensionSupport - Spring Data Redis - Could not safely identify store assignment for repository candidate interface com.company.repository.UserRepository; If you want this repository to be a Redis repository, consider annotating your entities with one of these annotations: org.springframework.data.redis.core.RedisHash (preferred), or consider extending one of the following types with your repository: org.springframework.data.keyvalue.repository.KeyValueRepository
2025-07-28 18:03:19 INFO  o.s.d.r.c.RepositoryConfigurationDelegate - Finished Spring Data repository scanning in 17 ms. Found 0 Redis repository interfaces.
2025-07-28 18:03:21 INFO  com.zaxxer.hikari.HikariDataSource - HikariPool-1 - Starting...
2025-07-28 18:03:21 INFO  com.zaxxer.hikari.pool.HikariPool - HikariPool-1 - Added connection org.postgresql.jdbc.PgConnection@47797401
2025-07-28 18:03:21 INFO  com.zaxxer.hikari.HikariDataSource - HikariPool-1 - Start completed.
2025-07-28 18:03:21 INFO  liquibase.database - Set default schema name to public
2025-07-28 18:03:22 INFO  liquibase.changelog - Reading from public.databasechangelog
2025-07-28 18:03:22 INFO  liquibase.ui - Database is up to date, no changesets to execute
2025-07-28 18:03:22 INFO  liquibase.changelog - Reading from public.databasechangelog
2025-07-28 18:03:22 INFO  liquibase.util - UPDATE SUMMARY
2025-07-28 18:03:22 INFO  liquibase.util - Run:                          0
2025-07-28 18:03:22 INFO  liquibase.util - Previously run:               4
2025-07-28 18:03:22 INFO  liquibase.util - Filtered out:                 0
2025-07-28 18:03:22 INFO  liquibase.util - -------------------------------
2025-07-28 18:03:22 INFO  liquibase.util - Total change sets:            4
2025-07-28 18:03:22 INFO  liquibase.util - Update summary generated
2025-07-28 18:03:22 INFO  liquibase.command - Command execution complete
2025-07-28 18:03:24 INFO  o.h.jpa.internal.util.LogHelper - HHH000204: Processing PersistenceUnitInfo [name: default]
2025-07-28 18:03:25 INFO  org.hibernate.Version - HHH000412: Hibernate ORM core version 6.6.18.Final
2025-07-28 18:03:25 INFO  o.h.c.i.RegionFactoryInitiator - HHH000026: Second-level cache disabled
2025-07-28 18:03:26 INFO  o.s.o.j.p.SpringPersistenceUnitInfo - No LoadTimeWeaver setup: ignoring JPA class transformer
2025-07-28 18:03:26 INFO  o.hibernate.orm.connections.pooling - HHH10001005: Database info:
	Database JDBC URL [Connecting through datasource 'HikariDataSource (HikariPool-1)']
	Database driver: undefined/unknown
	Database version: 17.4
	Autocommit mode: undefined/unknown
	Isolation level: undefined/unknown
	Minimum pool size: undefined/unknown
	Maximum pool size: undefined/unknown
2025-07-28 18:03:30 INFO  o.h.e.t.j.p.i.JtaPlatformInitiator - HHH000489: No JTA platform available (set 'hibernate.transaction.jta.platform' to enable JTA platform integration)
2025-07-28 18:03:31 INFO  o.s.o.j.LocalContainerEntityManagerFactoryBean - Initialized JPA EntityManagerFactory for persistence unit 'default'
2025-07-28 18:03:37 WARN  o.s.b.a.o.j.JpaBaseConfiguration$JpaWebConfiguration - spring.jpa.open-in-view is enabled by default. Therefore, database queries may be performed during view rendering. Explicitly configure spring.jpa.open-in-view to disable this warning
2025-07-28 18:03:40 INFO  com.company.RedisTest - Started RedisTest in 24.883 seconds (process running for 28.008)
2025-07-28 18:03:43 INFO  o.s.o.j.LocalContainerEntityManagerFactoryBean - Closing JPA EntityManagerFactory for persistence unit 'default'
2025-07-28 18:03:43 INFO  com.zaxxer.hikari.HikariDataSource - HikariPool-1 - Shutdown initiated...
2025-07-28 18:03:43 INFO  com.zaxxer.hikari.HikariDataSource - HikariPool-1 - Shutdown completed.
